2021-11-11 11:59:25,805 - 11160-MainThread - C:\Users\User\PycharmProjects\pythonProject\jd_maotai\jd_spider_requests.py[line:308] - INFO: reserve 需登陆后调用，开始扫码登陆
2021-11-11 11:59:26,095 - 11160-MainThread - C:\Users\User\PycharmProjects\pythonProject\jd_maotai\jd_spider_requests.py[line:177] - INFO: 二维码获取成功，请打开京东APP扫描
2021-11-11 11:59:26,741 - 11160-MainThread - C:\Users\User\PycharmProjects\pythonProject\jd_maotai\jd_spider_requests.py[line:205] - INFO: Code: 201, Message: 二维码未扫描，请扫描二维码
2021-11-11 11:59:28,859 - 11160-MainThread - C:\Users\User\PycharmProjects\pythonProject\jd_maotai\jd_spider_requests.py[line:205] - INFO: Code: 201, Message: 二维码未扫描，请扫描二维码
2021-11-11 11:59:31,080 - 11160-MainThread - C:\Users\User\PycharmProjects\pythonProject\jd_maotai\jd_spider_requests.py[line:205] - INFO: Code: 201, Message: 二维码未扫描，请扫描二维码
2021-11-11 11:59:33,205 - 11160-MainThread - C:\Users\User\PycharmProjects\pythonProject\jd_maotai\jd_spider_requests.py[line:205] - INFO: Code: 201, Message: 二维码未扫描，请扫描二维码
2021-11-11 11:59:35,324 - 11160-MainThread - C:\Users\User\PycharmProjects\pythonProject\jd_maotai\jd_spider_requests.py[line:205] - INFO: Code: 201, Message: 二维码未扫描，请扫描二维码
2021-11-11 11:59:38,451 - 11160-MainThread - C:\Users\User\PycharmProjects\pythonProject\jd_maotai\jd_spider_requests.py[line:205] - INFO: Code: 201, Message: 二维码未扫描，请扫描二维码
2021-11-11 11:59:40,828 - 11160-MainThread - C:\Users\User\PycharmProjects\pythonProject\jd_maotai\jd_spider_requests.py[line:205] - INFO: Code: 201, Message: 二维码未扫描，请扫描二维码
2021-11-11 11:59:42,944 - 11160-MainThread - C:\Users\User\PycharmProjects\pythonProject\jd_maotai\jd_spider_requests.py[line:205] - INFO: Code: 201, Message: 二维码未扫描，请扫描二维码
2021-11-11 11:59:45,061 - 11160-MainThread - C:\Users\User\PycharmProjects\pythonProject\jd_maotai\jd_spider_requests.py[line:205] - INFO: Code: 201, Message: 二维码未扫描，请扫描二维码
2021-11-11 11:59:47,171 - 11160-MainThread - C:\Users\User\PycharmProjects\pythonProject\jd_maotai\jd_spider_requests.py[line:208] - INFO: 已完成手机客户端确认
2021-11-11 11:59:47,884 - 11160-MainThread - C:\Users\User\PycharmProjects\pythonProject\jd_maotai\jd_spider_requests.py[line:262] - INFO: 二维码登录成功
2021-11-11 11:59:48,189 - 11160-MainThread - C:\Users\User\PycharmProjects\pythonProject\jd_maotai\jd_spider_requests.py[line:365] - INFO: 商品名称:【茅台白酒】飞天 53%vol  500ml 贵州茅台酒（带杯）【行情 报价 价格 评测】-京东
2021-11-11 11:59:48,286 - 11160-MainThread - C:\Users\User\PycharmProjects\pythonProject\jd_maotai\timer.py[line:45] - INFO: 正在等待到达设定时间:2021-11-11 11:59:59.500000，检测本地时间与京东服务器时间误差为【-300】毫秒
2021-11-11 11:59:59,517 - 11160-MainThread - C:\Users\User\PycharmProjects\pythonProject\jd_maotai\timer.py[line:50] - INFO: 时间到达，开始执行……
2021-11-11 11:59:59,768 - 11160-MainThread - C:\Users\User\PycharmProjects\pythonProject\jd_maotai\jd_spider_requests.py[line:383] - INFO: 预约成功，已获得抢购资格 / 您已成功预约过了，无需重复预约
2021-11-11 12:00:23,642 - 11892-MainThread - C:\Users\User\PycharmProjects\pythonProject\jd_maotai\jd_spider_requests.py[line:461] - INFO: 用户:zrly2016
2021-11-11 12:00:23,643 - 10416-MainThread - C:\Users\User\PycharmProjects\pythonProject\jd_maotai\jd_spider_requests.py[line:461] - INFO: 用户:zrly2016
2021-11-11 12:00:23,646 - 11932-MainThread - C:\Users\User\PycharmProjects\pythonProject\jd_maotai\jd_spider_requests.py[line:461] - INFO: 用户:zrly2016
2021-11-11 12:00:23,665 - 3468-MainThread - C:\Users\User\PycharmProjects\pythonProject\jd_maotai\jd_spider_requests.py[line:461] - INFO: 用户:zrly2016
2021-11-11 12:00:24,118 - 3468-MainThread - C:\Users\User\PycharmProjects\pythonProject\jd_maotai\jd_spider_requests.py[line:462] - INFO: 商品名称:【茅台白酒】飞天 53%vol  500ml 贵州茅台酒（带杯）【行情 报价 价格 评测】-京东
2021-11-11 12:00:24,118 - 3468-MainThread - C:\Users\User\PycharmProjects\pythonProject\jd_maotai\timer.py[line:45] - INFO: 正在等待到达设定时间:2021-11-11 11:59:59.500000，检测本地时间与京东服务器时间误差为【-295】毫秒
2021-11-11 12:00:24,118 - 3468-MainThread - C:\Users\User\PycharmProjects\pythonProject\jd_maotai\timer.py[line:50] - INFO: 时间到达，开始执行……
2021-11-11 12:00:24,210 - 3468-MainThread - C:\Users\User\PycharmProjects\pythonProject\jd_maotai\jd_spider_requests.py[line:453] - INFO: 抢购链接获取成功: https://marathon.jd.com/captcha.html?skuId=100012043978&sn=222355d86f7938f968555c5ccb68874a&from=pc
2021-11-11 12:00:24,211 - 3468-MainThread - C:\Users\User\PycharmProjects\pythonProject\jd_maotai\jd_spider_requests.py[line:465] - INFO: 访问商品的抢购连接...
2021-11-11 12:00:24,299 - 3468-MainThread - C:\Users\User\PycharmProjects\pythonProject\jd_maotai\jd_spider_requests.py[line:479] - INFO: 访问抢购订单结算页面...
2021-11-11 12:00:24,304 - 8252-MainThread - C:\Users\User\PycharmProjects\pythonProject\jd_maotai\jd_spider_requests.py[line:461] - INFO: 用户:zrly2016
2021-11-11 12:00:24,349 - 11892-MainThread - C:\Users\User\PycharmProjects\pythonProject\jd_maotai\jd_spider_requests.py[line:462] - INFO: 商品名称:【茅台白酒】飞天 53%vol  500ml 贵州茅台酒（带杯）【行情 报价 价格 评测】-京东
2021-11-11 12:00:24,350 - 11892-MainThread - C:\Users\User\PycharmProjects\pythonProject\jd_maotai\timer.py[line:45] - INFO: 正在等待到达设定时间:2021-11-11 11:59:59.500000，检测本地时间与京东服务器时间误差为【-295】毫秒
2021-11-11 12:00:24,350 - 11892-MainThread - C:\Users\User\PycharmProjects\pythonProject\jd_maotai\timer.py[line:50] - INFO: 时间到达，开始执行……
2021-11-11 12:00:24,376 - 3468-MainThread - C:\Users\User\PycharmProjects\pythonProject\jd_maotai\jd_spider_requests.py[line:522] - INFO: 生成提交抢购订单所需参数...
2021-11-11 12:00:24,377 - 3468-MainThread - C:\Users\User\PycharmProjects\pythonProject\jd_maotai\jd_spider_requests.py[line:497] - INFO: 获取秒杀初始化信息...
2021-11-11 12:00:24,390 - 11932-MainThread - C:\Users\User\PycharmProjects\pythonProject\jd_maotai\jd_spider_requests.py[line:462] - INFO: 商品名称:【茅台白酒】飞天 53%vol  500ml 贵州茅台酒（带杯）【行情 报价 价格 评测】-京东
2021-11-11 12:00:24,390 - 11932-MainThread - C:\Users\User\PycharmProjects\pythonProject\jd_maotai\timer.py[line:45] - INFO: 正在等待到达设定时间:2021-11-11 11:59:59.500000，检测本地时间与京东服务器时间误差为【-295】毫秒
2021-11-11 12:00:24,390 - 11932-MainThread - C:\Users\User\PycharmProjects\pythonProject\jd_maotai\timer.py[line:50] - INFO: 时间到达，开始执行……
2021-11-11 12:00:24,433 - 11892-MainThread - C:\Users\User\PycharmProjects\pythonProject\jd_maotai\jd_spider_requests.py[line:453] - INFO: 抢购链接获取成功: https://marathon.jd.com/captcha.html?skuId=100012043978&sn=222355d86f7938f968555c5ccb68874a&from=pc
2021-11-11 12:00:24,434 - 11892-MainThread - C:\Users\User\PycharmProjects\pythonProject\jd_maotai\jd_spider_requests.py[line:465] - INFO: 访问商品的抢购连接...
2021-11-11 12:00:24,475 - 11932-MainThread - C:\Users\User\PycharmProjects\pythonProject\jd_maotai\jd_spider_requests.py[line:453] - INFO: 抢购链接获取成功: https://marathon.jd.com/captcha.html?skuId=100012043978&sn=222355d86f7938f968555c5ccb68874a&from=pc
2021-11-11 12:00:24,475 - 11932-MainThread - C:\Users\User\PycharmProjects\pythonProject\jd_maotai\jd_spider_requests.py[line:465] - INFO: 访问商品的抢购连接...
2021-11-11 12:00:24,516 - 11892-MainThread - C:\Users\User\PycharmProjects\pythonProject\jd_maotai\jd_spider_requests.py[line:479] - INFO: 访问抢购订单结算页面...
2021-11-11 12:00:24,558 - 10416-MainThread - C:\Users\User\PycharmProjects\pythonProject\jd_maotai\jd_spider_requests.py[line:462] - INFO: 商品名称:【茅台白酒】飞天 53%vol  500ml 贵州茅台酒（带杯）【行情 报价 价格 评测】-京东
2021-11-11 12:00:24,558 - 10416-MainThread - C:\Users\User\PycharmProjects\pythonProject\jd_maotai\timer.py[line:45] - INFO: 正在等待到达设定时间:2021-11-11 11:59:59.500000，检测本地时间与京东服务器时间误差为【-295】毫秒
2021-11-11 12:00:24,558 - 10416-MainThread - C:\Users\User\PycharmProjects\pythonProject\jd_maotai\timer.py[line:50] - INFO: 时间到达，开始执行……
2021-11-11 12:00:24,561 - 11932-MainThread - C:\Users\User\PycharmProjects\pythonProject\jd_maotai\jd_spider_requests.py[line:479] - INFO: 访问抢购订单结算页面...
2021-11-11 12:00:24,604 - 11892-MainThread - C:\Users\User\PycharmProjects\pythonProject\jd_maotai\jd_spider_requests.py[line:522] - INFO: 生成提交抢购订单所需参数...
2021-11-11 12:00:24,604 - 11892-MainThread - C:\Users\User\PycharmProjects\pythonProject\jd_maotai\jd_spider_requests.py[line:497] - INFO: 获取秒杀初始化信息...
2021-11-11 12:00:24,641 - 10416-MainThread - C:\Users\User\PycharmProjects\pythonProject\jd_maotai\jd_spider_requests.py[line:453] - INFO: 抢购链接获取成功: https://marathon.jd.com/captcha.html?skuId=100012043978&sn=222355d86f7938f968555c5ccb68874a&from=pc
2021-11-11 12:00:24,642 - 10416-MainThread - C:\Users\User\PycharmProjects\pythonProject\jd_maotai\jd_spider_requests.py[line:465] - INFO: 访问商品的抢购连接...
2021-11-11 12:00:24,668 - 8252-MainThread - C:\Users\User\PycharmProjects\pythonProject\jd_maotai\jd_spider_requests.py[line:462] - INFO: 商品名称:【茅台白酒】飞天 53%vol  500ml 贵州茅台酒（带杯）【行情 报价 价格 评测】-京东
2021-11-11 12:00:24,669 - 8252-MainThread - C:\Users\User\PycharmProjects\pythonProject\jd_maotai\timer.py[line:45] - INFO: 正在等待到达设定时间:2021-11-11 11:59:59.500000，检测本地时间与京东服务器时间误差为【-295】毫秒
2021-11-11 12:00:24,669 - 8252-MainThread - C:\Users\User\PycharmProjects\pythonProject\jd_maotai\timer.py[line:50] - INFO: 时间到达，开始执行……
2021-11-11 12:00:24,729 - 10416-MainThread - C:\Users\User\PycharmProjects\pythonProject\jd_maotai\jd_spider_requests.py[line:479] - INFO: 访问抢购订单结算页面...
2021-11-11 12:00:24,751 - 8252-MainThread - C:\Users\User\PycharmProjects\pythonProject\jd_maotai\jd_spider_requests.py[line:453] - INFO: 抢购链接获取成功: https://marathon.jd.com/captcha.html?skuId=100012043978&sn=222355d86f7938f968555c5ccb68874a&from=pc
2021-11-11 12:00:24,751 - 8252-MainThread - C:\Users\User\PycharmProjects\pythonProject\jd_maotai\jd_spider_requests.py[line:465] - INFO: 访问商品的抢购连接...
2021-11-11 12:00:24,813 - 10416-MainThread - C:\Users\User\PycharmProjects\pythonProject\jd_maotai\jd_spider_requests.py[line:522] - INFO: 生成提交抢购订单所需参数...
2021-11-11 12:00:24,813 - 10416-MainThread - C:\Users\User\PycharmProjects\pythonProject\jd_maotai\jd_spider_requests.py[line:497] - INFO: 获取秒杀初始化信息...
2021-11-11 12:00:24,835 - 8252-MainThread - C:\Users\User\PycharmProjects\pythonProject\jd_maotai\jd_spider_requests.py[line:479] - INFO: 访问抢购订单结算页面...
2021-11-11 12:00:24,886 - 11932-MainThread - C:\Users\User\PycharmProjects\pythonProject\jd_maotai\jd_spider_requests.py[line:522] - INFO: 生成提交抢购订单所需参数...
2021-11-11 12:00:24,886 - 11932-MainThread - C:\Users\User\PycharmProjects\pythonProject\jd_maotai\jd_spider_requests.py[line:497] - INFO: 获取秒杀初始化信息...
2021-11-11 12:00:24,920 - 8252-MainThread - C:\Users\User\PycharmProjects\pythonProject\jd_maotai\jd_spider_requests.py[line:522] - INFO: 生成提交抢购订单所需参数...
2021-11-11 12:00:24,920 - 8252-MainThread - C:\Users\User\PycharmProjects\pythonProject\jd_maotai\jd_spider_requests.py[line:497] - INFO: 获取秒杀初始化信息...
2021-11-11 12:00:26,591 - 3468-MainThread - C:\Users\User\PycharmProjects\pythonProject\jd_maotai\jd_spider_requests.py[line:578] - INFO: 抢购失败，无法获取生成订单的基本信息，接口返回:【HTTPSConnectionPool(host='127.0.0.1', port=443): Max retries exceeded with url: /?cdn=nohost (Caused by NewConnectionError('<urllib3.connection.HTTPSConnection object at 0x000001F7124C60A0>: Failed to establish a new connection: [WinError 10061] 由于目标计算机积极拒绝，无法连接。'))】
2021-11-11 12:00:26,591 - 3468-MainThread - C:\Users\User\PycharmProjects\pythonProject\jd_maotai\jd_spider_requests.py[line:479] - INFO: 访问抢购订单结算页面...
2021-11-11 12:00:26,705 - 3468-MainThread - C:\Users\User\PycharmProjects\pythonProject\jd_maotai\jd_spider_requests.py[line:522] - INFO: 生成提交抢购订单所需参数...
2021-11-11 12:00:26,705 - 3468-MainThread - C:\Users\User\PycharmProjects\pythonProject\jd_maotai\jd_spider_requests.py[line:497] - INFO: 获取秒杀初始化信息...
2021-11-11 12:00:26,805 - 11892-MainThread - C:\Users\User\PycharmProjects\pythonProject\jd_maotai\jd_spider_requests.py[line:578] - INFO: 抢购失败，无法获取生成订单的基本信息，接口返回:【HTTPSConnectionPool(host='127.0.0.1', port=443): Max retries exceeded with url: /?cdn=nohost (Caused by NewConnectionError('<urllib3.connection.HTTPSConnection object at 0x0000020B45B460A0>: Failed to establish a new connection: [WinError 10061] 由于目标计算机积极拒绝，无法连接。'))】
2021-11-11 12:00:26,805 - 11892-MainThread - C:\Users\User\PycharmProjects\pythonProject\jd_maotai\jd_spider_requests.py[line:479] - INFO: 访问抢购订单结算页面...
2021-11-11 12:00:26,884 - 11892-MainThread - C:\Users\User\PycharmProjects\pythonProject\jd_maotai\jd_spider_requests.py[line:522] - INFO: 生成提交抢购订单所需参数...
2021-11-11 12:00:26,884 - 11892-MainThread - C:\Users\User\PycharmProjects\pythonProject\jd_maotai\jd_spider_requests.py[line:497] - INFO: 获取秒杀初始化信息...
2021-11-11 12:00:27,020 - 10416-MainThread - C:\Users\User\PycharmProjects\pythonProject\jd_maotai\jd_spider_requests.py[line:578] - INFO: 抢购失败，无法获取生成订单的基本信息，接口返回:【HTTPSConnectionPool(host='127.0.0.1', port=443): Max retries exceeded with url: /?cdn=nohost (Caused by NewConnectionError('<urllib3.connection.HTTPSConnection object at 0x000002078AFC60A0>: Failed to establish a new connection: [WinError 10061] 由于目标计算机积极拒绝，无法连接。'))】
2021-11-11 12:00:27,020 - 10416-MainThread - C:\Users\User\PycharmProjects\pythonProject\jd_maotai\jd_spider_requests.py[line:479] - INFO: 访问抢购订单结算页面...
2021-11-11 12:00:27,067 - 8252-MainThread - C:\Users\User\PycharmProjects\pythonProject\jd_maotai\jd_spider_requests.py[line:578] - INFO: 抢购失败，无法获取生成订单的基本信息，接口返回:【HTTPSConnectionPool(host='127.0.0.1', port=443): Max retries exceeded with url: /?cdn=nohost (Caused by NewConnectionError('<urllib3.connection.HTTPSConnection object at 0x0000025383779070>: Failed to establish a new connection: [WinError 10061] 由于目标计算机积极拒绝，无法连接。'))】
2021-11-11 12:00:27,067 - 8252-MainThread - C:\Users\User\PycharmProjects\pythonProject\jd_maotai\jd_spider_requests.py[line:479] - INFO: 访问抢购订单结算页面...
2021-11-11 12:00:27,082 - 11932-MainThread - C:\Users\User\PycharmProjects\pythonProject\jd_maotai\jd_spider_requests.py[line:578] - INFO: 抢购失败，无法获取生成订单的基本信息，接口返回:【HTTPSConnectionPool(host='127.0.0.1', port=443): Max retries exceeded with url: /?cdn=nohost (Caused by NewConnectionError('<urllib3.connection.HTTPSConnection object at 0x000001AA33A760A0>: Failed to establish a new connection: [WinError 10061] 由于目标计算机积极拒绝，无法连接。'))】
2021-11-11 12:00:27,082 - 11932-MainThread - C:\Users\User\PycharmProjects\pythonProject\jd_maotai\jd_spider_requests.py[line:479] - INFO: 访问抢购订单结算页面...
2021-11-11 12:00:27,152 - 8252-MainThread - C:\Users\User\PycharmProjects\pythonProject\jd_maotai\jd_spider_requests.py[line:522] - INFO: 生成提交抢购订单所需参数...
2021-11-11 12:00:27,152 - 8252-MainThread - C:\Users\User\PycharmProjects\pythonProject\jd_maotai\jd_spider_requests.py[line:497] - INFO: 获取秒杀初始化信息...
2021-11-11 12:00:27,160 - 11932-MainThread - C:\Users\User\PycharmProjects\pythonProject\jd_maotai\jd_spider_requests.py[line:522] - INFO: 生成提交抢购订单所需参数...
2021-11-11 12:00:27,160 - 11932-MainThread - C:\Users\User\PycharmProjects\pythonProject\jd_maotai\jd_spider_requests.py[line:497] - INFO: 获取秒杀初始化信息...
2021-11-11 12:00:27,353 - 10416-MainThread - C:\Users\User\PycharmProjects\pythonProject\jd_maotai\jd_spider_requests.py[line:522] - INFO: 生成提交抢购订单所需参数...
2021-11-11 12:00:27,354 - 10416-MainThread - C:\Users\User\PycharmProjects\pythonProject\jd_maotai\jd_spider_requests.py[line:497] - INFO: 获取秒杀初始化信息...
2021-11-11 12:00:28,792 - 3468-MainThread - C:\Users\User\PycharmProjects\pythonProject\jd_maotai\jd_spider_requests.py[line:578] - INFO: 抢购失败，无法获取生成订单的基本信息，接口返回:【HTTPSConnectionPool(host='127.0.0.1', port=443): Max retries exceeded with url: /?cdn=nohost (Caused by NewConnectionError('<urllib3.connection.HTTPSConnection object at 0x000001F7124BC370>: Failed to establish a new connection: [WinError 10061] 由于目标计算机积极拒绝，无法连接。'))】
2021-11-11 12:00:28,792 - 3468-MainThread - C:\Users\User\PycharmProjects\pythonProject\jd_maotai\jd_spider_requests.py[line:479] - INFO: 访问抢购订单结算页面...
2021-11-11 12:00:28,820 - 3468-MainThread - C:\Users\User\PycharmProjects\pythonProject\jd_maotai\jd_spider_requests.py[line:522] - INFO: 生成提交抢购订单所需参数...
2021-11-11 12:00:28,820 - 3468-MainThread - C:\Users\User\PycharmProjects\pythonProject\jd_maotai\jd_spider_requests.py[line:497] - INFO: 获取秒杀初始化信息...
2021-11-11 12:00:28,978 - 11892-MainThread - C:\Users\User\PycharmProjects\pythonProject\jd_maotai\jd_spider_requests.py[line:578] - INFO: 抢购失败，无法获取生成订单的基本信息，接口返回:【HTTPSConnectionPool(host='127.0.0.1', port=443): Max retries exceeded with url: /?cdn=nohost (Caused by NewConnectionError('<urllib3.connection.HTTPSConnection object at 0x0000020B45B3C370>: Failed to establish a new connection: [WinError 10061] 由于目标计算机积极拒绝，无法连接。'))】
2021-11-11 12:00:28,978 - 11892-MainThread - C:\Users\User\PycharmProjects\pythonProject\jd_maotai\jd_spider_requests.py[line:479] - INFO: 访问抢购订单结算页面...
2021-11-11 12:00:29,007 - 11892-MainThread - C:\Users\User\PycharmProjects\pythonProject\jd_maotai\jd_spider_requests.py[line:522] - INFO: 生成提交抢购订单所需参数...
2021-11-11 12:00:29,007 - 11892-MainThread - C:\Users\User\PycharmProjects\pythonProject\jd_maotai\jd_spider_requests.py[line:497] - INFO: 获取秒杀初始化信息...
2021-11-11 12:00:29,240 - 8252-MainThread - C:\Users\User\PycharmProjects\pythonProject\jd_maotai\jd_spider_requests.py[line:578] - INFO: 抢购失败，无法获取生成订单的基本信息，接口返回:【HTTPSConnectionPool(host='127.0.0.1', port=443): Max retries exceeded with url: /?cdn=nohost (Caused by NewConnectionError('<urllib3.connection.HTTPSConnection object at 0x0000025383782610>: Failed to establish a new connection: [WinError 10061] 由于目标计算机积极拒绝，无法连接。'))】
2021-11-11 12:00:29,240 - 8252-MainThread - C:\Users\User\PycharmProjects\pythonProject\jd_maotai\jd_spider_requests.py[line:479] - INFO: 访问抢购订单结算页面...
2021-11-11 12:00:29,255 - 11932-MainThread - C:\Users\User\PycharmProjects\pythonProject\jd_maotai\jd_spider_requests.py[line:578] - INFO: 抢购失败，无法获取生成订单的基本信息，接口返回:【HTTPSConnectionPool(host='127.0.0.1', port=443): Max retries exceeded with url: /?cdn=nohost (Caused by NewConnectionError('<urllib3.connection.HTTPSConnection object at 0x000001AA33A6C370>: Failed to establish a new connection: [WinError 10061] 由于目标计算机积极拒绝，无法连接。'))】
2021-11-11 12:00:29,255 - 11932-MainThread - C:\Users\User\PycharmProjects\pythonProject\jd_maotai\jd_spider_requests.py[line:479] - INFO: 访问抢购订单结算页面...
2021-11-11 12:00:29,269 - 8252-MainThread - C:\Users\User\PycharmProjects\pythonProject\jd_maotai\jd_spider_requests.py[line:522] - INFO: 生成提交抢购订单所需参数...
2021-11-11 12:00:29,269 - 8252-MainThread - C:\Users\User\PycharmProjects\pythonProject\jd_maotai\jd_spider_requests.py[line:497] - INFO: 获取秒杀初始化信息...
2021-11-11 12:00:29,282 - 11932-MainThread - C:\Users\User\PycharmProjects\pythonProject\jd_maotai\jd_spider_requests.py[line:522] - INFO: 生成提交抢购订单所需参数...
2021-11-11 12:00:29,282 - 11932-MainThread - C:\Users\User\PycharmProjects\pythonProject\jd_maotai\jd_spider_requests.py[line:497] - INFO: 获取秒杀初始化信息...
2021-11-11 12:00:29,457 - 10416-MainThread - C:\Users\User\PycharmProjects\pythonProject\jd_maotai\jd_spider_requests.py[line:578] - INFO: 抢购失败，无法获取生成订单的基本信息，接口返回:【HTTPSConnectionPool(host='127.0.0.1', port=443): Max retries exceeded with url: /?cdn=nohost (Caused by NewConnectionError('<urllib3.connection.HTTPSConnection object at 0x000002078AFBC370>: Failed to establish a new connection: [WinError 10061] 由于目标计算机积极拒绝，无法连接。'))】
2021-11-11 12:00:29,457 - 10416-MainThread - C:\Users\User\PycharmProjects\pythonProject\jd_maotai\jd_spider_requests.py[line:479] - INFO: 访问抢购订单结算页面...
2021-11-11 12:00:29,486 - 10416-MainThread - C:\Users\User\PycharmProjects\pythonProject\jd_maotai\jd_spider_requests.py[line:522] - INFO: 生成提交抢购订单所需参数...
2021-11-11 12:00:29,486 - 10416-MainThread - C:\Users\User\PycharmProjects\pythonProject\jd_maotai\jd_spider_requests.py[line:497] - INFO: 获取秒杀初始化信息...
2021-11-11 12:00:30,910 - 3468-MainThread - C:\Users\User\PycharmProjects\pythonProject\jd_maotai\jd_spider_requests.py[line:578] - INFO: 抢购失败，无法获取生成订单的基本信息，接口返回:【HTTPSConnectionPool(host='127.0.0.1', port=443): Max retries exceeded with url: /?cdn=nohost (Caused by NewConnectionError('<urllib3.connection.HTTPSConnection object at 0x000001F7124D17F0>: Failed to establish a new connection: [WinError 10061] 由于目标计算机积极拒绝，无法连接。'))】
2021-11-11 12:00:30,910 - 3468-MainThread - C:\Users\User\PycharmProjects\pythonProject\jd_maotai\jd_spider_requests.py[line:479] - INFO: 访问抢购订单结算页面...
2021-11-11 12:00:30,939 - 3468-MainThread - C:\Users\User\PycharmProjects\pythonProject\jd_maotai\jd_spider_requests.py[line:522] - INFO: 生成提交抢购订单所需参数...
2021-11-11 12:00:30,939 - 3468-MainThread - C:\Users\User\PycharmProjects\pythonProject\jd_maotai\jd_spider_requests.py[line:497] - INFO: 获取秒杀初始化信息...
2021-11-11 12:00:31,097 - 11892-MainThread - C:\Users\User\PycharmProjects\pythonProject\jd_maotai\jd_spider_requests.py[line:578] - INFO: 抢购失败，无法获取生成订单的基本信息，接口返回:【HTTPSConnectionPool(host='127.0.0.1', port=443): Max retries exceeded with url: /?cdn=nohost (Caused by NewConnectionError('<urllib3.connection.HTTPSConnection object at 0x0000020B45B517F0>: Failed to establish a new connection: [WinError 10061] 由于目标计算机积极拒绝，无法连接。'))】
2021-11-11 12:00:31,097 - 11892-MainThread - C:\Users\User\PycharmProjects\pythonProject\jd_maotai\jd_spider_requests.py[line:479] - INFO: 访问抢购订单结算页面...
2021-11-11 12:00:31,123 - 11892-MainThread - C:\Users\User\PycharmProjects\pythonProject\jd_maotai\jd_spider_requests.py[line:522] - INFO: 生成提交抢购订单所需参数...
2021-11-11 12:00:31,123 - 11892-MainThread - C:\Users\User\PycharmProjects\pythonProject\jd_maotai\jd_spider_requests.py[line:497] - INFO: 获取秒杀初始化信息...
2021-11-11 12:00:31,360 - 8252-MainThread - C:\Users\User\PycharmProjects\pythonProject\jd_maotai\jd_spider_requests.py[line:578] - INFO: 抢购失败，无法获取生成订单的基本信息，接口返回:【HTTPSConnectionPool(host='127.0.0.1', port=443): Max retries exceeded with url: /?cdn=nohost (Caused by NewConnectionError('<urllib3.connection.HTTPSConnection object at 0x00000253837734C0>: Failed to establish a new connection: [WinError 10061] 由于目标计算机积极拒绝，无法连接。'))】
2021-11-11 12:00:31,360 - 8252-MainThread - C:\Users\User\PycharmProjects\pythonProject\jd_maotai\jd_spider_requests.py[line:479] - INFO: 访问抢购订单结算页面...
2021-11-11 12:00:31,376 - 11932-MainThread - C:\Users\User\PycharmProjects\pythonProject\jd_maotai\jd_spider_requests.py[line:578] - INFO: 抢购失败，无法获取生成订单的基本信息，接口返回:【HTTPSConnectionPool(host='127.0.0.1', port=443): Max retries exceeded with url: /?cdn=nohost (Caused by NewConnectionError('<urllib3.connection.HTTPSConnection object at 0x000001AA33A817F0>: Failed to establish a new connection: [WinError 10061] 由于目标计算机积极拒绝，无法连接。'))】
2021-11-11 12:00:31,376 - 11932-MainThread - C:\Users\User\PycharmProjects\pythonProject\jd_maotai\jd_spider_requests.py[line:479] - INFO: 访问抢购订单结算页面...
2021-11-11 12:00:31,387 - 8252-MainThread - C:\Users\User\PycharmProjects\pythonProject\jd_maotai\jd_spider_requests.py[line:522] - INFO: 生成提交抢购订单所需参数...
2021-11-11 12:00:31,387 - 8252-MainThread - C:\Users\User\PycharmProjects\pythonProject\jd_maotai\jd_spider_requests.py[line:497] - INFO: 获取秒杀初始化信息...
2021-11-11 12:00:31,404 - 11932-MainThread - C:\Users\User\PycharmProjects\pythonProject\jd_maotai\jd_spider_requests.py[line:522] - INFO: 生成提交抢购订单所需参数...
2021-11-11 12:00:31,404 - 11932-MainThread - C:\Users\User\PycharmProjects\pythonProject\jd_maotai\jd_spider_requests.py[line:497] - INFO: 获取秒杀初始化信息...
2021-11-11 12:00:31,579 - 10416-MainThread - C:\Users\User\PycharmProjects\pythonProject\jd_maotai\jd_spider_requests.py[line:578] - INFO: 抢购失败，无法获取生成订单的基本信息，接口返回:【HTTPSConnectionPool(host='127.0.0.1', port=443): Max retries exceeded with url: /?cdn=nohost (Caused by NewConnectionError('<urllib3.connection.HTTPSConnection object at 0x000002078AFD17F0>: Failed to establish a new connection: [WinError 10061] 由于目标计算机积极拒绝，无法连接。'))】
2021-11-11 12:00:31,579 - 10416-MainThread - C:\Users\User\PycharmProjects\pythonProject\jd_maotai\jd_spider_requests.py[line:479] - INFO: 访问抢购订单结算页面...
2021-11-11 12:00:31,610 - 10416-MainThread - C:\Users\User\PycharmProjects\pythonProject\jd_maotai\jd_spider_requests.py[line:522] - INFO: 生成提交抢购订单所需参数...
2021-11-11 12:00:31,611 - 10416-MainThread - C:\Users\User\PycharmProjects\pythonProject\jd_maotai\jd_spider_requests.py[line:497] - INFO: 获取秒杀初始化信息...
2021-11-11 12:00:33,044 - 3468-MainThread - C:\Users\User\PycharmProjects\pythonProject\jd_maotai\jd_spider_requests.py[line:578] - INFO: 抢购失败，无法获取生成订单的基本信息，接口返回:【HTTPSConnectionPool(host='127.0.0.1', port=443): Max retries exceeded with url: /?cdn=nohost (Caused by NewConnectionError('<urllib3.connection.HTTPSConnection object at 0x000001F7124D8F70>: Failed to establish a new connection: [WinError 10061] 由于目标计算机积极拒绝，无法连接。'))】
2021-11-11 12:00:33,044 - 3468-MainThread - C:\Users\User\PycharmProjects\pythonProject\jd_maotai\jd_spider_requests.py[line:479] - INFO: 访问抢购订单结算页面...
2021-11-11 12:00:33,073 - 3468-MainThread - C:\Users\User\PycharmProjects\pythonProject\jd_maotai\jd_spider_requests.py[line:522] - INFO: 生成提交抢购订单所需参数...
2021-11-11 12:00:33,073 - 3468-MainThread - C:\Users\User\PycharmProjects\pythonProject\jd_maotai\jd_spider_requests.py[line:497] - INFO: 获取秒杀初始化信息...
2021-11-11 12:00:33,199 - 11892-MainThread - C:\Users\User\PycharmProjects\pythonProject\jd_maotai\jd_spider_requests.py[line:578] - INFO: 抢购失败，无法获取生成订单的基本信息，接口返回:【HTTPSConnectionPool(host='127.0.0.1', port=443): Max retries exceeded with url: /?cdn=nohost (Caused by NewConnectionError('<urllib3.connection.HTTPSConnection object at 0x0000020B45B58F70>: Failed to establish a new connection: [WinError 10061] 由于目标计算机积极拒绝，无法连接。'))】
2021-11-11 12:00:33,199 - 11892-MainThread - C:\Users\User\PycharmProjects\pythonProject\jd_maotai\jd_spider_requests.py[line:479] - INFO: 访问抢购订单结算页面...
2021-11-11 12:00:33,227 - 11892-MainThread - C:\Users\User\PycharmProjects\pythonProject\jd_maotai\jd_spider_requests.py[line:522] - INFO: 生成提交抢购订单所需参数...
2021-11-11 12:00:33,227 - 11892-MainThread - C:\Users\User\PycharmProjects\pythonProject\jd_maotai\jd_spider_requests.py[line:497] - INFO: 获取秒杀初始化信息...
2021-11-11 12:00:33,496 - 8252-MainThread - C:\Users\User\PycharmProjects\pythonProject\jd_maotai\jd_spider_requests.py[line:578] - INFO: 抢购失败，无法获取生成订单的基本信息，接口返回:【HTTPSConnectionPool(host='127.0.0.1', port=443): Max retries exceeded with url: /?cdn=nohost (Caused by NewConnectionError('<urllib3.connection.HTTPSConnection object at 0x0000025383788670>: Failed to establish a new connection: [WinError 10061] 由于目标计算机积极拒绝，无法连接。'))】
2021-11-11 12:00:33,496 - 8252-MainThread - C:\Users\User\PycharmProjects\pythonProject\jd_maotai\jd_spider_requests.py[line:479] - INFO: 访问抢购订单结算页面...
2021-11-11 12:00:33,511 - 11932-MainThread - C:\Users\User\PycharmProjects\pythonProject\jd_maotai\jd_spider_requests.py[line:578] - INFO: 抢购失败，无法获取生成订单的基本信息，接口返回:【HTTPSConnectionPool(host='127.0.0.1', port=443): Max retries exceeded with url: /?cdn=nohost (Caused by NewConnectionError('<urllib3.connection.HTTPSConnection object at 0x000001AA33A88F70>: Failed to establish a new connection: [WinError 10061] 由于目标计算机积极拒绝，无法连接。'))】
2021-11-11 12:00:33,511 - 11932-MainThread - C:\Users\User\PycharmProjects\pythonProject\jd_maotai\jd_spider_requests.py[line:479] - INFO: 访问抢购订单结算页面...
2021-11-11 12:00:33,527 - 8252-MainThread - C:\Users\User\PycharmProjects\pythonProject\jd_maotai\jd_spider_requests.py[line:522] - INFO: 生成提交抢购订单所需参数...
2021-11-11 12:00:33,527 - 8252-MainThread - C:\Users\User\PycharmProjects\pythonProject\jd_maotai\jd_spider_requests.py[line:497] - INFO: 获取秒杀初始化信息...
2021-11-11 12:00:33,540 - 11932-MainThread - C:\Users\User\PycharmProjects\pythonProject\jd_maotai\jd_spider_requests.py[line:522] - INFO: 生成提交抢购订单所需参数...
2021-11-11 12:00:33,540 - 11932-MainThread - C:\Users\User\PycharmProjects\pythonProject\jd_maotai\jd_spider_requests.py[line:497] - INFO: 获取秒杀初始化信息...
2021-11-11 12:00:33,701 - 10416-MainThread - C:\Users\User\PycharmProjects\pythonProject\jd_maotai\jd_spider_requests.py[line:578] - INFO: 抢购失败，无法获取生成订单的基本信息，接口返回:【HTTPSConnectionPool(host='127.0.0.1', port=443): Max retries exceeded with url: /?cdn=nohost (Caused by NewConnectionError('<urllib3.connection.HTTPSConnection object at 0x000002078AFD8F70>: Failed to establish a new connection: [WinError 10061] 由于目标计算机积极拒绝，无法连接。'))】
2021-11-11 12:00:33,701 - 10416-MainThread - C:\Users\User\PycharmProjects\pythonProject\jd_maotai\jd_spider_requests.py[line:479] - INFO: 访问抢购订单结算页面...
2021-11-11 12:00:33,733 - 10416-MainThread - C:\Users\User\PycharmProjects\pythonProject\jd_maotai\jd_spider_requests.py[line:522] - INFO: 生成提交抢购订单所需参数...
2021-11-11 12:00:33,733 - 10416-MainThread - C:\Users\User\PycharmProjects\pythonProject\jd_maotai\jd_spider_requests.py[line:497] - INFO: 获取秒杀初始化信息...
2021-11-11 12:00:35,331 - 11892-MainThread - C:\Users\User\PycharmProjects\pythonProject\jd_maotai\jd_spider_requests.py[line:578] - INFO: 抢购失败，无法获取生成订单的基本信息，接口返回:【HTTPSConnectionPool(host='127.0.0.1', port=443): Max retries exceeded with url: /?cdn=nohost (Caused by NewConnectionError('<urllib3.connection.HTTPSConnection object at 0x0000020B45B51D00>: Failed to establish a new connection: [WinError 10061] 由于目标计算机积极拒绝，无法连接。'))】
2021-11-11 12:00:35,331 - 11892-MainThread - C:\Users\User\PycharmProjects\pythonProject\jd_maotai\jd_spider_requests.py[line:479] - INFO: 访问抢购订单结算页面...
2021-11-11 12:00:35,360 - 11892-MainThread - C:\Users\User\PycharmProjects\pythonProject\jd_maotai\jd_spider_requests.py[line:522] - INFO: 生成提交抢购订单所需参数...
2021-11-11 12:00:35,361 - 11892-MainThread - C:\Users\User\PycharmProjects\pythonProject\jd_maotai\jd_spider_requests.py[line:497] - INFO: 获取秒杀初始化信息...
2021-11-11 12:00:35,394 - 3468-MainThread - C:\Users\User\PycharmProjects\pythonProject\jd_maotai\jd_spider_requests.py[line:578] - INFO: 抢购失败，无法获取生成订单的基本信息，接口返回:【HTTPSConnectionPool(host='127.0.0.1', port=443): Max retries exceeded with url: /?cdn=nohost (Caused by NewConnectionError('<urllib3.connection.HTTPSConnection object at 0x000001F7124D1D00>: Failed to establish a new connection: [WinError 10061] 由于目标计算机积极拒绝，无法连接。'))】
2021-11-11 12:00:35,394 - 3468-MainThread - C:\Users\User\PycharmProjects\pythonProject\jd_maotai\jd_spider_requests.py[line:479] - INFO: 访问抢购订单结算页面...
2021-11-11 12:00:35,422 - 3468-MainThread - C:\Users\User\PycharmProjects\pythonProject\jd_maotai\jd_spider_requests.py[line:522] - INFO: 生成提交抢购订单所需参数...
2021-11-11 12:00:35,422 - 3468-MainThread - C:\Users\User\PycharmProjects\pythonProject\jd_maotai\jd_spider_requests.py[line:497] - INFO: 获取秒杀初始化信息...
2021-11-11 12:00:35,628 - 11932-MainThread - C:\Users\User\PycharmProjects\pythonProject\jd_maotai\jd_spider_requests.py[line:578] - INFO: 抢购失败，无法获取生成订单的基本信息，接口返回:【HTTPSConnectionPool(host='127.0.0.1', port=443): Max retries exceeded with url: /?cdn=nohost (Caused by NewConnectionError('<urllib3.connection.HTTPSConnection object at 0x000001AA33A81D00>: Failed to establish a new connection: [WinError 10061] 由于目标计算机积极拒绝，无法连接。'))】
2021-11-11 12:00:35,628 - 11932-MainThread - C:\Users\User\PycharmProjects\pythonProject\jd_maotai\jd_spider_requests.py[line:479] - INFO: 访问抢购订单结算页面...
2021-11-11 12:00:35,656 - 11932-MainThread - C:\Users\User\PycharmProjects\pythonProject\jd_maotai\jd_spider_requests.py[line:522] - INFO: 生成提交抢购订单所需参数...
2021-11-11 12:00:35,657 - 11932-MainThread - C:\Users\User\PycharmProjects\pythonProject\jd_maotai\jd_spider_requests.py[line:497] - INFO: 获取秒杀初始化信息...
2021-11-11 12:00:35,845 - 10416-MainThread - C:\Users\User\PycharmProjects\pythonProject\jd_maotai\jd_spider_requests.py[line:578] - INFO: 抢购失败，无法获取生成订单的基本信息，接口返回:【HTTPSConnectionPool(host='127.0.0.1', port=443): Max retries exceeded with url: /?cdn=nohost (Caused by NewConnectionError('<urllib3.connection.HTTPSConnection object at 0x000002078AFD1D00>: Failed to establish a new connection: [WinError 10061] 由于目标计算机积极拒绝，无法连接。'))】
2021-11-11 12:00:35,845 - 10416-MainThread - C:\Users\User\PycharmProjects\pythonProject\jd_maotai\jd_spider_requests.py[line:479] - INFO: 访问抢购订单结算页面...
2021-11-11 12:00:35,861 - 8252-MainThread - C:\Users\User\PycharmProjects\pythonProject\jd_maotai\jd_spider_requests.py[line:578] - INFO: 抢购失败，无法获取生成订单的基本信息，接口返回:【HTTPSConnectionPool(host='127.0.0.1', port=443): Max retries exceeded with url: /?cdn=nohost (Caused by NewConnectionError('<urllib3.connection.HTTPSConnection object at 0x0000025383756E80>: Failed to establish a new connection: [WinError 10061] 由于目标计算机积极拒绝，无法连接。'))】
2021-11-11 12:00:35,861 - 8252-MainThread - C:\Users\User\PycharmProjects\pythonProject\jd_maotai\jd_spider_requests.py[line:479] - INFO: 访问抢购订单结算页面...
2021-11-11 12:00:35,877 - 10416-MainThread - C:\Users\User\PycharmProjects\pythonProject\jd_maotai\jd_spider_requests.py[line:522] - INFO: 生成提交抢购订单所需参数...
2021-11-11 12:00:35,878 - 10416-MainThread - C:\Users\User\PycharmProjects\pythonProject\jd_maotai\jd_spider_requests.py[line:497] - INFO: 获取秒杀初始化信息...
2021-11-11 12:00:35,888 - 8252-MainThread - C:\Users\User\PycharmProjects\pythonProject\jd_maotai\jd_spider_requests.py[line:522] - INFO: 生成提交抢购订单所需参数...
2021-11-11 12:00:35,888 - 8252-MainThread - C:\Users\User\PycharmProjects\pythonProject\jd_maotai\jd_spider_requests.py[line:497] - INFO: 获取秒杀初始化信息...
2021-11-11 12:00:37,460 - 11892-MainThread - C:\Users\User\PycharmProjects\pythonProject\jd_maotai\jd_spider_requests.py[line:578] - INFO: 抢购失败，无法获取生成订单的基本信息，接口返回:【HTTPSConnectionPool(host='127.0.0.1', port=443): Max retries exceeded with url: /?cdn=nohost (Caused by NewConnectionError('<urllib3.connection.HTTPSConnection object at 0x0000020B45B3CA60>: Failed to establish a new connection: [WinError 10061] 由于目标计算机积极拒绝，无法连接。'))】
2021-11-11 12:00:37,460 - 11892-MainThread - C:\Users\User\PycharmProjects\pythonProject\jd_maotai\jd_spider_requests.py[line:479] - INFO: 访问抢购订单结算页面...
2021-11-11 12:00:37,486 - 11892-MainThread - C:\Users\User\PycharmProjects\pythonProject\jd_maotai\jd_spider_requests.py[line:522] - INFO: 生成提交抢购订单所需参数...
2021-11-11 12:00:37,486 - 11892-MainThread - C:\Users\User\PycharmProjects\pythonProject\jd_maotai\jd_spider_requests.py[line:497] - INFO: 获取秒杀初始化信息...
2021-11-11 12:00:37,521 - 3468-MainThread - C:\Users\User\PycharmProjects\pythonProject\jd_maotai\jd_spider_requests.py[line:578] - INFO: 抢购失败，无法获取生成订单的基本信息，接口返回:【HTTPSConnectionPool(host='127.0.0.1', port=443): Max retries exceeded with url: /?cdn=nohost (Caused by NewConnectionError('<urllib3.connection.HTTPSConnection object at 0x000001F7124BCA60>: Failed to establish a new connection: [WinError 10061] 由于目标计算机积极拒绝，无法连接。'))】
2021-11-11 12:00:37,521 - 3468-MainThread - C:\Users\User\PycharmProjects\pythonProject\jd_maotai\jd_spider_requests.py[line:479] - INFO: 访问抢购订单结算页面...
2021-11-11 12:00:37,550 - 3468-MainThread - C:\Users\User\PycharmProjects\pythonProject\jd_maotai\jd_spider_requests.py[line:522] - INFO: 生成提交抢购订单所需参数...
2021-11-11 12:00:37,550 - 3468-MainThread - C:\Users\User\PycharmProjects\pythonProject\jd_maotai\jd_spider_requests.py[line:497] - INFO: 获取秒杀初始化信息...
2021-11-11 12:00:37,739 - 11932-MainThread - C:\Users\User\PycharmProjects\pythonProject\jd_maotai\jd_spider_requests.py[line:578] - INFO: 抢购失败，无法获取生成订单的基本信息，接口返回:【HTTPSConnectionPool(host='127.0.0.1', port=443): Max retries exceeded with url: /?cdn=nohost (Caused by NewConnectionError('<urllib3.connection.HTTPSConnection object at 0x000001AA33A6CA60>: Failed to establish a new connection: [WinError 10061] 由于目标计算机积极拒绝，无法连接。'))】
2021-11-11 12:00:37,739 - 11932-MainThread - C:\Users\User\PycharmProjects\pythonProject\jd_maotai\jd_spider_requests.py[line:479] - INFO: 访问抢购订单结算页面...
2021-11-11 12:00:37,766 - 11932-MainThread - C:\Users\User\PycharmProjects\pythonProject\jd_maotai\jd_spider_requests.py[line:522] - INFO: 生成提交抢购订单所需参数...
2021-11-11 12:00:37,766 - 11932-MainThread - C:\Users\User\PycharmProjects\pythonProject\jd_maotai\jd_spider_requests.py[line:497] - INFO: 获取秒杀初始化信息...
2021-11-11 12:00:37,972 - 10416-MainThread - C:\Users\User\PycharmProjects\pythonProject\jd_maotai\jd_spider_requests.py[line:578] - INFO: 抢购失败，无法获取生成订单的基本信息，接口返回:【HTTPSConnectionPool(host='127.0.0.1', port=443): Max retries exceeded with url: /?cdn=nohost (Caused by NewConnectionError('<urllib3.connection.HTTPSConnection object at 0x000002078AFBCA60>: Failed to establish a new connection: [WinError 10061] 由于目标计算机积极拒绝，无法连接。'))】
2021-11-11 12:00:37,972 - 10416-MainThread - C:\Users\User\PycharmProjects\pythonProject\jd_maotai\jd_spider_requests.py[line:479] - INFO: 访问抢购订单结算页面...
2021-11-11 12:00:37,988 - 8252-MainThread - C:\Users\User\PycharmProjects\pythonProject\jd_maotai\jd_spider_requests.py[line:578] - INFO: 抢购失败，无法获取生成订单的基本信息，接口返回:【HTTPSConnectionPool(host='127.0.0.1', port=443): Max retries exceeded with url: /?cdn=nohost (Caused by NewConnectionError('<urllib3.connection.HTTPSConnection object at 0x000002538377B6A0>: Failed to establish a new connection: [WinError 10061] 由于目标计算机积极拒绝，无法连接。'))】
2021-11-11 12:00:37,988 - 8252-MainThread - C:\Users\User\PycharmProjects\pythonProject\jd_maotai\jd_spider_requests.py[line:479] - INFO: 访问抢购订单结算页面...
2021-11-11 12:00:38,003 - 10416-MainThread - C:\Users\User\PycharmProjects\pythonProject\jd_maotai\jd_spider_requests.py[line:522] - INFO: 生成提交抢购订单所需参数...
2021-11-11 12:00:38,003 - 10416-MainThread - C:\Users\User\PycharmProjects\pythonProject\jd_maotai\jd_spider_requests.py[line:497] - INFO: 获取秒杀初始化信息...
2021-11-11 12:00:38,018 - 8252-MainThread - C:\Users\User\PycharmProjects\pythonProject\jd_maotai\jd_spider_requests.py[line:522] - INFO: 生成提交抢购订单所需参数...
2021-11-11 12:00:38,018 - 8252-MainThread - C:\Users\User\PycharmProjects\pythonProject\jd_maotai\jd_spider_requests.py[line:497] - INFO: 获取秒杀初始化信息...
2021-11-11 12:00:39,576 - 11892-MainThread - C:\Users\User\PycharmProjects\pythonProject\jd_maotai\jd_spider_requests.py[line:578] - INFO: 抢购失败，无法获取生成订单的基本信息，接口返回:【HTTPSConnectionPool(host='127.0.0.1', port=443): Max retries exceeded with url: /?cdn=nohost (Caused by NewConnectionError('<urllib3.connection.HTTPSConnection object at 0x0000020B45B2F6D0>: Failed to establish a new connection: [WinError 10061] 由于目标计算机积极拒绝，无法连接。'))】
2021-11-11 12:00:39,576 - 11892-MainThread - C:\Users\User\PycharmProjects\pythonProject\jd_maotai\jd_spider_requests.py[line:479] - INFO: 访问抢购订单结算页面...
2021-11-11 12:00:39,605 - 11892-MainThread - C:\Users\User\PycharmProjects\pythonProject\jd_maotai\jd_spider_requests.py[line:522] - INFO: 生成提交抢购订单所需参数...
2021-11-11 12:00:39,606 - 11892-MainThread - C:\Users\User\PycharmProjects\pythonProject\jd_maotai\jd_spider_requests.py[line:497] - INFO: 获取秒杀初始化信息...
2021-11-11 12:00:39,638 - 3468-MainThread - C:\Users\User\PycharmProjects\pythonProject\jd_maotai\jd_spider_requests.py[line:578] - INFO: 抢购失败，无法获取生成订单的基本信息，接口返回:【HTTPSConnectionPool(host='127.0.0.1', port=443): Max retries exceeded with url: /?cdn=nohost (Caused by NewConnectionError('<urllib3.connection.HTTPSConnection object at 0x000001F7124AF6D0>: Failed to establish a new connection: [WinError 10061] 由于目标计算机积极拒绝，无法连接。'))】
2021-11-11 12:00:39,638 - 3468-MainThread - C:\Users\User\PycharmProjects\pythonProject\jd_maotai\jd_spider_requests.py[line:479] - INFO: 访问抢购订单结算页面...
2021-11-11 12:00:39,667 - 3468-MainThread - C:\Users\User\PycharmProjects\pythonProject\jd_maotai\jd_spider_requests.py[line:522] - INFO: 生成提交抢购订单所需参数...
2021-11-11 12:00:39,667 - 3468-MainThread - C:\Users\User\PycharmProjects\pythonProject\jd_maotai\jd_spider_requests.py[line:497] - INFO: 获取秒杀初始化信息...
2021-11-11 12:00:39,871 - 11932-MainThread - C:\Users\User\PycharmProjects\pythonProject\jd_maotai\jd_spider_requests.py[line:578] - INFO: 抢购失败，无法获取生成订单的基本信息，接口返回:【HTTPSConnectionPool(host='127.0.0.1', port=443): Max retries exceeded with url: /?cdn=nohost (Caused by NewConnectionError('<urllib3.connection.HTTPSConnection object at 0x000001AA33A5E6D0>: Failed to establish a new connection: [WinError 10061] 由于目标计算机积极拒绝，无法连接。'))】
2021-11-11 12:00:39,871 - 11932-MainThread - C:\Users\User\PycharmProjects\pythonProject\jd_maotai\jd_spider_requests.py[line:479] - INFO: 访问抢购订单结算页面...
2021-11-11 12:00:39,897 - 11932-MainThread - C:\Users\User\PycharmProjects\pythonProject\jd_maotai\jd_spider_requests.py[line:522] - INFO: 生成提交抢购订单所需参数...
2021-11-11 12:00:39,897 - 11932-MainThread - C:\Users\User\PycharmProjects\pythonProject\jd_maotai\jd_spider_requests.py[line:497] - INFO: 获取秒杀初始化信息...
2021-11-11 12:00:40,090 - 10416-MainThread - C:\Users\User\PycharmProjects\pythonProject\jd_maotai\jd_spider_requests.py[line:578] - INFO: 抢购失败，无法获取生成订单的基本信息，接口返回:【HTTPSConnectionPool(host='127.0.0.1', port=443): Max retries exceeded with url: /?cdn=nohost (Caused by NewConnectionError('<urllib3.connection.HTTPSConnection object at 0x000002078AFAE6D0>: Failed to establish a new connection: [WinError 10061] 由于目标计算机积极拒绝，无法连接。'))】
2021-11-11 12:00:40,090 - 10416-MainThread - C:\Users\User\PycharmProjects\pythonProject\jd_maotai\jd_spider_requests.py[line:479] - INFO: 访问抢购订单结算页面...
2021-11-11 12:00:40,106 - 8252-MainThread - C:\Users\User\PycharmProjects\pythonProject\jd_maotai\jd_spider_requests.py[line:578] - INFO: 抢购失败，无法获取生成订单的基本信息，接口返回:【HTTPSConnectionPool(host='127.0.0.1', port=443): Max retries exceeded with url: /?cdn=nohost (Caused by NewConnectionError('<urllib3.connection.HTTPSConnection object at 0x0000025383773B20>: Failed to establish a new connection: [WinError 10061] 由于目标计算机积极拒绝，无法连接。'))】
2021-11-11 12:00:40,106 - 8252-MainThread - C:\Users\User\PycharmProjects\pythonProject\jd_maotai\jd_spider_requests.py[line:479] - INFO: 访问抢购订单结算页面...
2021-11-11 12:00:40,121 - 10416-MainThread - C:\Users\User\PycharmProjects\pythonProject\jd_maotai\jd_spider_requests.py[line:522] - INFO: 生成提交抢购订单所需参数...
2021-11-11 12:00:40,121 - 10416-MainThread - C:\Users\User\PycharmProjects\pythonProject\jd_maotai\jd_spider_requests.py[line:497] - INFO: 获取秒杀初始化信息...
2021-11-11 12:00:40,134 - 8252-MainThread - C:\Users\User\PycharmProjects\pythonProject\jd_maotai\jd_spider_requests.py[line:522] - INFO: 生成提交抢购订单所需参数...
2021-11-11 12:00:40,134 - 8252-MainThread - C:\Users\User\PycharmProjects\pythonProject\jd_maotai\jd_spider_requests.py[line:497] - INFO: 获取秒杀初始化信息...
2021-11-11 12:00:41,694 - 11892-MainThread - C:\Users\User\PycharmProjects\pythonProject\jd_maotai\jd_spider_requests.py[line:578] - INFO: 抢购失败，无法获取生成订单的基本信息，接口返回:【HTTPSConnectionPool(host='127.0.0.1', port=443): Max retries exceeded with url: /?cdn=nohost (Caused by NewConnectionError('<urllib3.connection.HTTPSConnection object at 0x0000020B45B58A00>: Failed to establish a new connection: [WinError 10061] 由于目标计算机积极拒绝，无法连接。'))】
2021-11-11 12:00:41,694 - 11892-MainThread - C:\Users\User\PycharmProjects\pythonProject\jd_maotai\jd_spider_requests.py[line:479] - INFO: 访问抢购订单结算页面...
2021-11-11 12:00:41,720 - 11892-MainThread - C:\Users\User\PycharmProjects\pythonProject\jd_maotai\jd_spider_requests.py[line:522] - INFO: 生成提交抢购订单所需参数...
2021-11-11 12:00:41,720 - 11892-MainThread - C:\Users\User\PycharmProjects\pythonProject\jd_maotai\jd_spider_requests.py[line:497] - INFO: 获取秒杀初始化信息...
2021-11-11 12:00:41,771 - 3468-MainThread - C:\Users\User\PycharmProjects\pythonProject\jd_maotai\jd_spider_requests.py[line:578] - INFO: 抢购失败，无法获取生成订单的基本信息，接口返回:【HTTPSConnectionPool(host='127.0.0.1', port=443): Max retries exceeded with url: /?cdn=nohost (Caused by NewConnectionError('<urllib3.connection.HTTPSConnection object at 0x000001F7124D8A00>: Failed to establish a new connection: [WinError 10061] 由于目标计算机积极拒绝，无法连接。'))】
2021-11-11 12:00:41,771 - 3468-MainThread - C:\Users\User\PycharmProjects\pythonProject\jd_maotai\jd_spider_requests.py[line:479] - INFO: 访问抢购订单结算页面...
2021-11-11 12:00:41,800 - 3468-MainThread - C:\Users\User\PycharmProjects\pythonProject\jd_maotai\jd_spider_requests.py[line:522] - INFO: 生成提交抢购订单所需参数...
2021-11-11 12:00:41,800 - 3468-MainThread - C:\Users\User\PycharmProjects\pythonProject\jd_maotai\jd_spider_requests.py[line:497] - INFO: 获取秒杀初始化信息...
2021-11-11 12:00:42,205 - 10416-MainThread - C:\Users\User\PycharmProjects\pythonProject\jd_maotai\jd_spider_requests.py[line:578] - INFO: 抢购失败，无法获取生成订单的基本信息，接口返回:【HTTPSConnectionPool(host='127.0.0.1', port=443): Max retries exceeded with url: /?cdn=nohost (Caused by NewConnectionError('<urllib3.connection.HTTPSConnection object at 0x000002078AFD8A00>: Failed to establish a new connection: [WinError 10061] 由于目标计算机积极拒绝，无法连接。'))】
2021-11-11 12:00:42,205 - 10416-MainThread - C:\Users\User\PycharmProjects\pythonProject\jd_maotai\jd_spider_requests.py[line:479] - INFO: 访问抢购订单结算页面...
2021-11-11 12:00:42,234 - 10416-MainThread - C:\Users\User\PycharmProjects\pythonProject\jd_maotai\jd_spider_requests.py[line:522] - INFO: 生成提交抢购订单所需参数...
2021-11-11 12:00:42,234 - 10416-MainThread - C:\Users\User\PycharmProjects\pythonProject\jd_maotai\jd_spider_requests.py[line:497] - INFO: 获取秒杀初始化信息...
2021-11-11 12:00:42,237 - 8252-MainThread - C:\Users\User\PycharmProjects\pythonProject\jd_maotai\jd_spider_requests.py[line:578] - INFO: 抢购失败，无法获取生成订单的基本信息，接口返回:【HTTPSConnectionPool(host='127.0.0.1', port=443): Max retries exceeded with url: /?cdn=nohost (Caused by NewConnectionError('<urllib3.connection.HTTPSConnection object at 0x000002538378D6A0>: Failed to establish a new connection: [WinError 10061] 由于目标计算机积极拒绝，无法连接。'))】
2021-11-11 12:00:42,237 - 8252-MainThread - C:\Users\User\PycharmProjects\pythonProject\jd_maotai\jd_spider_requests.py[line:479] - INFO: 访问抢购订单结算页面...
2021-11-11 12:00:42,269 - 8252-MainThread - C:\Users\User\PycharmProjects\pythonProject\jd_maotai\jd_spider_requests.py[line:522] - INFO: 生成提交抢购订单所需参数...
2021-11-11 12:00:42,269 - 8252-MainThread - C:\Users\User\PycharmProjects\pythonProject\jd_maotai\jd_spider_requests.py[line:497] - INFO: 获取秒杀初始化信息...
2021-11-11 12:00:42,531 - 11932-MainThread - C:\Users\User\PycharmProjects\pythonProject\jd_maotai\jd_spider_requests.py[line:578] - INFO: 抢购失败，无法获取生成订单的基本信息，接口返回:【HTTPSConnectionPool(host='127.0.0.1', port=443): Max retries exceeded with url: /?cdn=nohost (Caused by NewConnectionError('<urllib3.connection.HTTPSConnection object at 0x000001AA33A88A00>: Failed to establish a new connection: [WinError 10061] 由于目标计算机积极拒绝，无法连接。'))】
2021-11-11 12:00:42,531 - 11932-MainThread - C:\Users\User\PycharmProjects\pythonProject\jd_maotai\jd_spider_requests.py[line:479] - INFO: 访问抢购订单结算页面...
2021-11-11 12:00:42,558 - 11932-MainThread - C:\Users\User\PycharmProjects\pythonProject\jd_maotai\jd_spider_requests.py[line:522] - INFO: 生成提交抢购订单所需参数...
2021-11-11 12:00:42,559 - 11932-MainThread - C:\Users\User\PycharmProjects\pythonProject\jd_maotai\jd_spider_requests.py[line:497] - INFO: 获取秒杀初始化信息...
2021-11-11 12:00:43,810 - 11892-MainThread - C:\Users\User\PycharmProjects\pythonProject\jd_maotai\jd_spider_requests.py[line:578] - INFO: 抢购失败，无法获取生成订单的基本信息，接口返回:【HTTPSConnectionPool(host='127.0.0.1', port=443): Max retries exceeded with url: /?cdn=nohost (Caused by NewConnectionError('<urllib3.connection.HTTPSConnection object at 0x0000020B45B515B0>: Failed to establish a new connection: [WinError 10061] 由于目标计算机积极拒绝，无法连接。'))】
2021-11-11 12:00:43,810 - 11892-MainThread - C:\Users\User\PycharmProjects\pythonProject\jd_maotai\jd_spider_requests.py[line:479] - INFO: 访问抢购订单结算页面...
2021-11-11 12:00:43,836 - 11892-MainThread - C:\Users\User\PycharmProjects\pythonProject\jd_maotai\jd_spider_requests.py[line:522] - INFO: 生成提交抢购订单所需参数...
2021-11-11 12:00:43,836 - 11892-MainThread - C:\Users\User\PycharmProjects\pythonProject\jd_maotai\jd_spider_requests.py[line:497] - INFO: 获取秒杀初始化信息...
2021-11-11 12:00:43,903 - 3468-MainThread - C:\Users\User\PycharmProjects\pythonProject\jd_maotai\jd_spider_requests.py[line:578] - INFO: 抢购失败，无法获取生成订单的基本信息，接口返回:【HTTPSConnectionPool(host='127.0.0.1', port=443): Max retries exceeded with url: /?cdn=nohost (Caused by NewConnectionError('<urllib3.connection.HTTPSConnection object at 0x000001F7124D15B0>: Failed to establish a new connection: [WinError 10061] 由于目标计算机积极拒绝，无法连接。'))】
2021-11-11 12:00:43,903 - 3468-MainThread - C:\Users\User\PycharmProjects\pythonProject\jd_maotai\jd_spider_requests.py[line:479] - INFO: 访问抢购订单结算页面...
2021-11-11 12:00:43,933 - 3468-MainThread - C:\Users\User\PycharmProjects\pythonProject\jd_maotai\jd_spider_requests.py[line:522] - INFO: 生成提交抢购订单所需参数...
2021-11-11 12:00:43,933 - 3468-MainThread - C:\Users\User\PycharmProjects\pythonProject\jd_maotai\jd_spider_requests.py[line:497] - INFO: 获取秒杀初始化信息...
